Arguments: 
  C:\Program Files\nodejs\node.exe C:\Users\alexb\AppData\Roaming\npm\node_modules\yarn\bin\yarn.js prettier

PATH: 
  C:\Program Files\Git\mingw64\bin;C:\Program Files\Git\usr\bin;C:\Users\alexb\bin;C:\Python27;C:\Python27\Scripts;C:\Users\alexb\.windows-build-tools\python27;C:\Users\alexb\.windows-build-tools\python27\Scripts;C:\tools\ruby24\bin;C:\Program Files (x86)\Microsoft SDKs\Azure\CLI2\wbin;C:\WINDOWS\system32;C:\WINDOWS;C:\WINDOWS\System32\Wbem;C:\WINDOWS\System32\WindowsPowerShell\v1.0;C:\Program Files\Microsoft SQL Server\120\Tools\Binn;C:\Program Files\Microsoft SQL Server\130\Tools\Binn;C:\Program Files\Microsoft\Web Platform Installer;C:\Program Files\dotnet;C:\ProgramData\chocolatey\bin;C:\Program Files (x86)\JXcore;C:\Program Files\Java\jdk1.8.0_131\bin;C:\Android\android-sdk\tools;C:\Android\android-sdk\platform-tools;C:\Program Files\OpenSSH-Win64;C:\Program Files (x86)\NVIDIA Corporation\PhysX\Common;C:\WINDOWS\system32;C:\WINDOWS;C:\WINDOWS\System32\Wbem;C:\WINDOWS\System32\WindowsPowerShell\v1.0;C:\Program Files\PuTTY;C:\WINDOWS\System32\OpenSSH;C:\Program Files\Git\cmd;C:\Program Files (x86)\Microsoft VS Code\bin;C:\Program Files\Microsoft SQL Server\Client SDK\ODBC\170\Tools\Binn;C:\Program Files\NVIDIA Corporation\NVIDIA NvDLISR;C:\Program Files (x86)\Microsoft SQL Server\150\DTS\Binn;C:\Program Files\nodejs;C:\Program Files (x86)\Google\Cloud SDK\google-cloud-sdk\bin;C:\Program Files\Docker\Docker\resources\bin;C:\ProgramData\DockerDesktop\version-bin;C:\Program Files\PowerShell\7;C:\Users\alexb\.pulumi\bin;C:\Users\alexb\AppData\Local\Microsoft\WindowsApps;C:\Program Files (x86)\Microsoft VS Code\bin;C:\Program Files (x86)\HMA! Pro VPN\bin;C:\Users\alexb\AppData\Roaming\npm;C:\Program Files\heroku\bin;C:\Users\alexb\.dotnet\tools;C:\Users\alexb\AppData\Local\GitHubDesktop\bin;C:\Users\alexb\AppData\Local\Programs\Microsoft VS Code Insiders\bin;C:\Users\alexb\AppData\Local\Microsoft\WindowsApps

Yarn version: 
  1.16.0

Node version: 
  12.13.1

Platform: 
  win32 x64

Trace: 
  SyntaxError: C:\code\tests\refract-cms-new-project-layout\package.json: Unexpected token 
   in JSON at position 181
      at JSON.parse (<anonymous>)
      at C:\Users\alexb\AppData\Roaming\npm\node_modules\yarn\lib\cli.js:1625:59
      at Generator.next (<anonymous>)
      at step (C:\Users\alexb\AppData\Roaming\npm\node_modules\yarn\lib\cli.js:304:30)
      at C:\Users\alexb\AppData\Roaming\npm\node_modules\yarn\lib\cli.js:315:13

npm manifest: 
  {
    "name": "@refract-cms/server",
    "version": "1.0.0",
    "description": "",
    "main": "index.js",
    "scripts": {
      "test": "echo \"Error: no test specified\" && exit 1",
      "build": "pika-pack build"
    },
    "@pika/pack": {
      "pipeline": [
        [
          "@pika/plugin-standard-pkg"
        ],
        [
          "@pika/plugin-build-node"
        ],
        [
          "@pika/plugin-build-types"
        ]
      ]
    },
    "author": "",
    "license": "ISC",
    "dependencies": {
      "express": "^4.16.4",
      "express-graphql": "^0.8.0",
      "fork-ts-checker-webpack-plugin": "^0.4.15",
      "graphql": "^14.2.1",
      "graphql-iso-date": "^3.6.1",
      "graphql-playground-middleware-express": "^1.7.12",
      "graphql-to-mongodb": "^1.6.3",
      "graphql-tools": "^4.0.4",
      "immer": "^3.1.3",
      "jimp": "^0.6.0",
      "jsonwebtoken": "^8.4.0",
      "jwt-decode": "^2.2.0",
      "lodash": "^4.17.11",
      "moment": "^2.22.2",
      "mongodb": "^3.1.10",
      "mongoose": "^5.4.0",
      "multer": "^1.4.1",
      "query-string": "^6.2.0",
      "react": "^16.8.4",
      "react-dom": "^16.8.4",
      "react-router": "^4.3.1",
      "react-router-dom": "^4.3.1",
      "unique-string": "^1.0.0"
    },
    "devDependencies": {
      "@types/express": "^4.17.6",
      "@types/multer": "^1.4.2"
    }
  }

yarn manifest: 
  No manifest

Lockfile: 
  No lockfile
